--- 19/10/2003 14:37:52 Message from Buaes (ICQ#47906648) ---



 Ola Perry tudo bem com vc? 



--- 19/10/2003 16:12:44 Message to Buaes (ICQ#47906648) ---

Tudo bem, e com voce?


--- 19/10/2003 16:21:57 Message from Buaes (ICQ#47906648) ---



 Mais ou menos, meu pai sofreu um acidente e veio a falecer no ultimo dia 11.  



--- 19/10/2003 16:22:24 Message to Buaes (ICQ#47906648) ---

Caramba! Meus pesames!

--- 19/10/2003 16:23:08 Message from Buaes (ICQ#47906648) ---



 Obrigado, foi algo muito rapido 



--- 19/10/2003 16:25:15 Message from Buaes (ICQ#47906648) ---



 E voce como esta ai em BSB 



--- 19/10/2003 21:52:48 Message to Buaes (ICQ#47906648) ---

Relativamente tranquilo.


--- 15/11/2003 21:17:28 Message from Buaes (ICQ#47906648) ---



 Ola Perry tudo bem com vc? 



--- 15/11/2003 23:17:19 Message to Buaes (ICQ#47906648) ---

Tudo indo, e com voc?


--- 15/11/2003 23:17:47 Message from Buaes (ICQ#47906648) ---



 Bem agora tudo tranquilo 



--- 16/11/2003 14:43:03 Message to Buaes (ICQ#47906648) ---

Que bom!

--- 20/12/2003 23:58:03 Message from Buaes (ICQ#47906648) ---



 Ola Perry tudo bem com vc 



--- 21/12/2003 10:54:50 Message to Buaes (ICQ#47906648) ---

Tudo indo. E com voce?


--- 25/12/2003 10:35:04 Message from Buaes (ICQ#47906648) ---



 Bom dia Perry Feliz Natal para vc e familia 



--- 25/12/2003 11:45:22 Message to Buaes (ICQ#47906648) ---

Bom dia! Feliz Natal para você tambem!

--- 18/04/2004 18:46:47 Message from Buaes (ICQ#47906648) ---

Ola Perry, tudo bem com vc.
Temos alguma novidade?

--- 18/04/2004 18:50:52 Message to Buaes (ICQ#47906648) ---

Sem novidades/


--- 18/04/2004 18:53:04 Message from Buaes (ICQ#47906648) ---

Aqui tb , muito trabalho, muito calor e pouco dinheiro.

