--- 07/10/2003 13:08:35 Message to Menino Maluquinho (ICQ#67317627) ---

Em /etc/sigd.conf, troca o campo Server= pelo endereco do servidor de monitoracao correto:

[BPB]
   Server=127.0.0.1
   Interval=240
   Report=PPP,PTRBITS,PTRCODE



--- 19/11/2003 11:46:24 Message to Menino Maluquinho (ICQ#67317627) ---

Stargate...
http://www.mcavideo.cjb.net/

--- 19/11/2003 15:00:09 Message to Menino Maluquinho (ICQ#67317627) ---

Pelo que deu p'ra entender ele tenta pingar um determinado endereço em cada uma das interfaces.


--- 19/11/2003 16:04:12 Message from Menino Maluquinho (ICQ#67317627) ---

 is no longer marked as away. Gone since 28-02-?093 00:00

--- 19/11/2003 16:04:26 Message to Menino Maluquinho (ICQ#67317627) ---

Que porra é essa?!?!?!

--- 19/11/2003 16:08:47 Message from Menino Maluquinho (ICQ#67317627) ---

é isso!
caso não obtenha resposta conecta via wvdial

--- 19/11/2003 16:08:57 Message to Menino Maluquinho (ICQ#67317627) ---

Ok.


--- 23/01/2004 12:16:38 Message to Menino Maluquinho (ICQ#67317627) ---

http://charges.uol.com.br/

--- 09/03/2004 00:27:23 Message to Menino Maluquinho (ICQ#67317627) ---

Tiu, tem como pedir um desses p'ra vir na muamba?
http://www.techspareparts.com/parts/P000269750.asp


--- 21/05/2004 09:55:16 Message from Menino Maluquinho (ICQ#67317627) ---

http://vhost.oddcast.com/vhost_minisite/demos/tts/tts_example.html

--- 21/05/2004 09:57:19 Message to Menino Maluquinho (ICQ#67317627) ---

(-:


