--- 01/10/2003 12:31:20 Message 000d from User ---

Aiano þþþaianobm@hotmail.comþ3þSender IP: 200.149.86.74
Subject: Ajuda-me !
por favor, eu preciso  de uma ajuda.. 
caso vc possa me dara u amão ia ser muito bom!
seguinte,  tenho conexão ISDN...Velox.
e o ponto é, faço muitos interurbanos, por tanto preciso de um serviço pc to phone.
por acaso vc sabe qual programa podria me servir ?
de preferencia gratuito... 
muito obrigado mesmo.. 
aguardo resposta.
AianoBM

--- 01/10/2003 12:32:29 Message 000d from User ---

aiano þþþaianobm@hotmail.comþ3þSender IP: 200.149.86.74
Subject: pc p/ telefone
por favor, eu preciso  de uma ajuda.. 
caso vc possa me dara u amão ia ser muito bom!
seguinte,  tenho conexão ISDN...Velox.
e o ponto é, faço muitos interurbanos, por tanto preciso de um serviço pc to phone.
por acaso vc sabe qual programa podria me servir ?
de preferencia gratuito... 
muito obrigado mesmo.. 
aguardo resposta.
AianoBM

--- 05/10/2003 15:26:44 Message 000d from User ---

Mariaþþþirisgirl@ig.com.brþ3þSender IP: 200.140.154.144
Subject: Site do OS2
Olá!
Vc é webmaster do site os2brasil, certo?
Não consegui olhar os links, e gostaria de saber se, por gentileza, poderia me enviar algum material sobre OS2, para pesquisa...
Obrigada! :)

--- 19/01/2004 09:12:45 Message 000d from User ---

Alexander Pavlovþþþsas@tmb.ruþ3þSender IP: 213.135.128.37
Hi,

How I can use pwICQ through
proxy with https protocol (is
working on Squid) ?
I can't find parameters about
use proxy

sorry at my bad english

With best regards, Alexander.

--- 02/02/2004 20:40:28 Message 000d from User ---

Perryþþþa@b.cþ3þSender IP: 201.0.251.8
Gay

--- 03/02/2004 23:45:50 Message 000d from User ---

Lucasþþþlucasbru@brturbo.comþ3þSender IP: 200.102.96.233
Olá,

Não estou conseguindo utilizar o pwICQ, qual(is) as configurações que você fez nele para ele funcionar, uma vez que ele não conecta ao servidor, aliás qual servidor/porta você usa?

Grato!
Lucas...

--- 04/03/2004 07:29:10 Refuse authorization to ICQ#249674201 ---

This is an automatic message:

Your request was refused by pwICQ's spam protection system. Please introduce yourself using a regular message first.


--- 04/03/2004 07:29:48 Refuse authorization to ICQ#249674201 ---

This is an automatic message:

Your request was refused by pwICQ's spam protection system. Please introduce yourself using a regular message first.


--- 17/03/2004 05:30:57 Authorization request from  ---

Please authorize my request and add me to your Contact List. blondee18x704

--- 18/03/2004 06:16:34 Refuse authorization to ICQ#223602946 ---

This is an automatic message:

Your request was refused by pwICQ's spam protection system. Please introduce yourself using a regular message first.


--- 18/03/2004 06:17:19 Refuse authorization to ICQ#223602946 ---

This is an automatic message:

Your request was refused by pwICQ's spam protection system. Please introduce yourself using a regular message first.


--- 26/03/2004 23:11:25 Authorization request from  ---

Please authorize my request and add me to your Contact List. alyssax180

--- 28/03/2004 16:29:55 Authorization request from  ---

Please authorize my request and add me to your Contact List. bria18f840

--- 09/04/2004 00:06:02 Refuse authorization to ICQ#278355739 ---

This is an automatic message:

Your request was refused by pwICQ's spam protection system. Please introduce yourself using a regular message first.


--- 09/04/2004 00:07:05 Refuse authorization to ICQ#278355739 ---

This is an automatic message:

Your request was refused by pwICQ's spam protection system. Please introduce yourself using a regular message first.


--- 10/04/2004 01:43:25 Message 000d from User ---

oláþþþbrodersidy@bol.com.brþ3þSender IP: 200.147.151.157
gostaria de saber pq o site nao esta mais no ar e se vc temn conteudo historico sobre o os/2.. por favor tenho um trabalho a apresentar na faculdade dia 12/04 e so falata historia deste sistema operacional.

--- 10/04/2004 01:47:22 Message 000d from User ---

SIDþþþbrodersidy@bol.com.brþ3þSender IP: 200.147.151.157
tenho msn estou online agora
brodersidy@hotmail.com
por favor me ajude.

--- 10/04/2004 09:59:52 Send authorization to ICQ#208083026 ---



--- 19/04/2004 15:25:23 Refuse authorization to ICQ#274129401 ---

This is an automatic message:

Your request was refused by pwICQ's spam protection system. Please introduce yourself using a regular message first.


--- 19/04/2004 15:25:57 Refuse authorization to ICQ#274129401 ---

This is an automatic message:

Your request was refused by pwICQ's spam protection system. Please introduce yourself using a regular message first.


--- 23/04/2004 22:57:34 Authorization request from  ---

Please authorize my request and add me to your Contact List. swwspv6

--- 24/04/2004 17:24:03 Authorization request from  ---

Please authorize my request and add me to your Contact List. ks5u7z2

--- 25/04/2004 17:27:41 Authorization request from  ---

Please authorize my request and add me to your Contact List. k216jud

--- 03/05/2004 15:09:36 Message 000d from User ---

Alexþþþalex_engsoftware@hotmail.comþ3þSender IP: 200.161.4.240
Por favor gostaria de saber se possue algum material falando sobre a arquitetura do OS/2 e se é possível enviar pra mim por e-mail, estou fazendo um trabalho acadêmico. Agradeço desde já

--- 12/05/2004 19:31:01 Message 000d from User ---

Patriciaþþþpatty_raposo@hotmail.comþ3þSender IP: 201.5.14.62
Perry. sera que vc ainda lembra de mim?

